{
  "stats": {
    "suites": 1,
    "tests": 1,
    "passes": 1,
    "pending": 0,
    "failures": 0,
    "start": "2020-12-02T15:56:37.502Z",
    "end": "2020-12-02T15:56:38.680Z",
    "duration": 1178,
    "testsRegistered": 1,
    "passPercent": 100,
    "pendingPercent": 0,
    "other": 0,
    "hasOther": false,
    "skipped": 0,
    "hasSkipped": false
  },
  "results": [
    {
      "uuid": "b7e22cda-cdaa-4a2d-906c-a52f6960634a",
      "title": "",
      "fullFile": "",
      "file": "",
      "beforeHooks": [],
      "afterHooks": [],
      "tests": [],
      "suites": [
        {
          "uuid": "48604905-03b3-4108-b1e9-fe2e7c687503",
          "title": "translate yoda",
          "fullFile": "C:\\Users\\Antonius\\API.Auth\\api\\test\\translate-yoda-test.js",
          "file": "\\api\\test\\translate-yoda-test.js",
          "beforeHooks": [],
          "afterHooks": [],
          "tests": [
            {
              "title": "@get translate yoda",
              "fullTitle": "translate yoda @get translate yoda",
              "timedOut": false,
              "duration": 1167,
              "state": "passed",
              "speed": "slow",
              "pass": true,
              "fail": false,
              "pending": false,
              "context": null,
              "code": "const response = await page.postTrans(translate);\nconsole.log(response.body);\nassert(response.status).to.equal(200);\n// assert(response.body.message).to.equal(\"Success\");",
              "err": {},
              "uuid": "7c2c2c87-195d-445d-8978-d9814626a7eb",
              "parentUUID": "48604905-03b3-4108-b1e9-fe2e7c687503",
              "isHook": false,
              "skipped": false
            }
          ],
          "suites": [],
          "passes": [
            "7c2c2c87-195d-445d-8978-d9814626a7eb"
          ],
          "failures": [],
          "pending": [],
          "skipped": [],
          "duration": 1167,
          "root": false,
          "rootEmpty": false,
          "_timeout": 180000
        }
      ],
      "passes": [],
      "failures": [],
      "pending": [],
      "skipped": [],
      "duration": 0,
      "root": true,
      "rootEmpty": true,
      "_timeout": 180000
    }
  ],
  "meta": {
    "mocha": {
      "version": "8.2.1"
    },
    "mochawesome": {
      "options": {
        "quiet": false,
        "reportFilename": "mochawesome",
        "saveHtml": true,
        "saveJson": true,
        "consoleReporter": "spec",
        "useInlineDiffs": false,
        "code": true
      },
      "version": "6.2.1"
    },
    "marge": {
      "options": {
        "reportDir": "reports/mochawesome/"
      },
      "version": "5.1.0"
    }
  }
}